<?xml version="1.0" encoding="UTF-8"?><testsuite errors="0" failures="0" name="com.req.res.usersinfo.UsersCRUDTest" skipped="0" tests="4" time="17.19" timestamp="2020-05-19T22:28:07.645+01:00[Europe/London]"><testcase classname="com.req.res.usersinfo.UsersCRUDTest" name="Create an User Successfully and verify name added"/><testcase classname="com.req.res.usersinfo.UsersCRUDTest" name="Getting User from the record"/><testcase classname="com.req.res.usersinfo.UsersCRUDTest" name="This test will update details of an user with ID5"/><testcase classname="com.req.res.usersinfo.UsersCRUDTest" name="This test will delete an User"/></testsuite>